06-Oct-2016 21:34:16.673 SEVERE [main] org.apache.catalina.startup.Catalina.stopServer Could not contact localhost:8005. Tomcat may not be running.
06-Oct-2016 21:34:19.544 INFO [main] org.apache.catalina.startup.VersionLoggerListener.log Server version:        Apache Tomcat/8.0.37
06-Oct-2016 21:34:19.544 INFO [main] org.apache.catalina.startup.VersionLoggerListener.log Server built:          Sep 1 2016 10:01:52 UTC
06-Oct-2016 21:34:19.544 INFO [main] org.apache.catalina.startup.VersionLoggerListener.log Server number:         8.0.37.0
06-Oct-2016 21:34:19.544 INFO [main] org.apache.catalina.startup.VersionLoggerListener.log OS Name:               Windows 8.1
06-Oct-2016 21:34:19.544 INFO [main] org.apache.catalina.startup.VersionLoggerListener.log OS Version:            6.3
06-Oct-2016 21:34:19.544 INFO [main] org.apache.catalina.startup.VersionLoggerListener.log Architecture:          amd64
06-Oct-2016 21:34:19.544 INFO [main] org.apache.catalina.startup.VersionLoggerListener.log Java Home:             C:\Program Files\Java\jdk1.8.0_101\jre
06-Oct-2016 21:34:19.560 INFO [main] org.apache.catalina.startup.VersionLoggerListener.log JVM Version:           1.8.0_101-b13
06-Oct-2016 21:34:19.560 INFO [main] org.apache.catalina.startup.VersionLoggerListener.log JVM Vendor:            Oracle Corporation
06-Oct-2016 21:34:19.560 INFO [main] org.apache.catalina.startup.VersionLoggerListener.log CATALINA_BASE:         C:\apache-tomcat-8.0.37
06-Oct-2016 21:34:19.560 INFO [main] org.apache.catalina.startup.VersionLoggerListener.log CATALINA_HOME:         C:\apache-tomcat-8.0.37
06-Oct-2016 21:34:19.560 INFO [main] org.apache.catalina.startup.VersionLoggerListener.log Command line argument: -Djdk.tls.ephemeralDHKeySize=2048
06-Oct-2016 21:34:19.560 INFO [main] org.apache.catalina.startup.VersionLoggerListener.log Command line argument: -Djava.util.logging.config.file=C:\apache-tomcat-8.0.37\conf\logging.properties
06-Oct-2016 21:34:19.560 INFO [main] org.apache.catalina.startup.VersionLoggerListener.log Command line argument: -Djava.util.logging.manager=org.apache.juli.ClassLoaderLogManager
06-Oct-2016 21:34:19.560 INFO [main] org.apache.catalina.startup.VersionLoggerListener.log Command line argument: -Djava.endorsed.dirs=C:\apache-tomcat-8.0.37\endorsed
06-Oct-2016 21:34:19.560 INFO [main] org.apache.catalina.startup.VersionLoggerListener.log Command line argument: -Dcatalina.base=C:\apache-tomcat-8.0.37
06-Oct-2016 21:34:19.560 INFO [main] org.apache.catalina.startup.VersionLoggerListener.log Command line argument: -Dcatalina.home=C:\apache-tomcat-8.0.37
06-Oct-2016 21:34:19.560 INFO [main] org.apache.catalina.startup.VersionLoggerListener.log Command line argument: -Djava.io.tmpdir=C:\apache-tomcat-8.0.37\temp
06-Oct-2016 21:34:19.560 INFO [main] org.apache.catalina.core.AprLifecycleListener.lifecycleEvent Loaded APR based Apache Tomcat Native library 1.2.8 using APR version 1.5.2.
06-Oct-2016 21:34:19.560 INFO [main] org.apache.catalina.core.AprLifecycleListener.lifecycleEvent APR capabilities: IPv6 [true], sendfile [true], accept filters [false], random [true].
06-Oct-2016 21:34:20.247 INFO [main] org.apache.catalina.core.AprLifecycleListener.initializeSSL OpenSSL successfully initialized (OpenSSL 1.0.2h  3 May 2016)
06-Oct-2016 21:34:20.341 INFO [main] org.apache.coyote.AbstractProtocol.init Initializing ProtocolHandler ["http-apr-8080"]
06-Oct-2016 21:34:20.357 INFO [main] org.apache.coyote.AbstractProtocol.init Initializing ProtocolHandler ["ajp-apr-8009"]
06-Oct-2016 21:34:20.357 INFO [main] org.apache.catalina.startup.Catalina.load Initialization processed in 1120 ms
06-Oct-2016 21:34:20.372 INFO [main] org.apache.catalina.core.StandardService.startInternal Starting service Catalina
06-Oct-2016 21:34:20.372 INFO [main] org.apache.catalina.core.StandardEngine.startInternal Starting Servlet Engine: Apache Tomcat/8.0.37
06-Oct-2016 21:34:20.388 INFO [localhost-startStop-1] org.apache.catalina.startup.HostConfig.deployDirectory Deploying web application directory C:\apache-tomcat-8.0.37\webapps\docs
06-Oct-2016 21:34:20.716 INFO [localhost-startStop-1] org.apache.catalina.startup.HostConfig.deployDirectory Deployment of web application directory C:\apache-tomcat-8.0.37\webapps\docs has finished in 328 ms
06-Oct-2016 21:34:20.716 INFO [localhost-startStop-1] org.apache.catalina.startup.HostConfig.deployDirectory Deploying web application directory C:\apache-tomcat-8.0.37\webapps\examples
06-Oct-2016 21:34:21.044 INFO [localhost-startStop-1] org.apache.catalina.startup.HostConfig.deployDirectory Deployment of web application directory C:\apache-tomcat-8.0.37\webapps\examples has finished in 328 ms
06-Oct-2016 21:34:21.044 INFO [localhost-startStop-1] org.apache.catalina.startup.HostConfig.deployDirectory Deploying web application directory C:\apache-tomcat-8.0.37\webapps\host-manager
06-Oct-2016 21:34:21.076 INFO [localhost-startStop-1] org.apache.catalina.startup.HostConfig.deployDirectory Deployment of web application directory C:\apache-tomcat-8.0.37\webapps\host-manager has finished in 32 ms
06-Oct-2016 21:34:21.076 INFO [localhost-startStop-1] org.apache.catalina.startup.HostConfig.deployDirectory Deploying web application directory C:\apache-tomcat-8.0.37\webapps\manager
06-Oct-2016 21:34:21.107 INFO [localhost-startStop-1] org.apache.catalina.startup.HostConfig.deployDirectory Deployment of web application directory C:\apache-tomcat-8.0.37\webapps\manager has finished in 31 ms
06-Oct-2016 21:34:21.107 INFO [localhost-startStop-1] org.apache.catalina.startup.HostConfig.deployDirectory Deploying web application directory C:\apache-tomcat-8.0.37\webapps\ROOT
06-Oct-2016 21:34:21.138 INFO [localhost-startStop-1] org.apache.catalina.startup.HostConfig.deployDirectory Deployment of web application directory C:\apache-tomcat-8.0.37\webapps\ROOT has finished in 31 ms
06-Oct-2016 21:34:21.138 INFO [main] org.apache.coyote.AbstractProtocol.start Starting ProtocolHandler ["http-apr-8080"]
06-Oct-2016 21:34:21.154 INFO [main] org.apache.coyote.AbstractProtocol.start Starting ProtocolHandler ["ajp-apr-8009"]
06-Oct-2016 21:34:21.154 INFO [main] org.apache.catalina.startup.Catalina.start Server startup in 794 ms
